[2025-04-18T05:40:37.244Z] {"timestamp":"2025-04-18T05:40:37.244Z","level":"info","action":"WORKER_STARTED","movieName":"ddsdf"}
[2025-04-18T05:40:41.643Z] {"timestamp":"2025-04-18T05:40:41.643Z","level":"info","action":"EMAIL_SENT","recipient":"test@gmail.com","movieName":"ddsdf"}
[2025-04-18T05:40:45.239Z] {"timestamp":"2025-04-18T05:40:45.239Z","level":"info","action":"EMAIL_SENT","recipient":"testt@gmail.com","movieName":"ddsdf"}
[2025-04-18T05:40:49.454Z] {"timestamp":"2025-04-18T05:40:49.454Z","level":"info","action":"EMAIL_SENT","recipient":"admin@admin","movieName":"ddsdf"}
[2025-04-18T05:40:53.606Z] {"timestamp":"2025-04-18T05:40:53.606Z","level":"info","action":"EMAIL_SENT","recipient":"admin@admin.com","movieName":"ddsdf"}
[2025-04-18T05:40:57.856Z] {"timestamp":"2025-04-18T05:40:57.856Z","level":"info","action":"EMAIL_SENT","recipient":"noah236@example.com","movieName":"ddsdf"}
[2025-04-18T05:41:02.051Z] {"timestamp":"2025-04-18T05:41:02.051Z","level":"info","action":"EMAIL_SENT","recipient":"emma713@mail.com","movieName":"ddsdf"}
[2025-04-18T05:41:06.486Z] {"timestamp":"2025-04-18T05:41:06.486Z","level":"info","action":"EMAIL_SENT","recipient":"emma893@example.com","movieName":"ddsdf"}
[2025-04-18T05:41:10.165Z] {"timestamp":"2025-04-18T05:41:10.165Z","level":"info","action":"EMAIL_SENT","recipient":"chris292@demo.net","movieName":"ddsdf"}
[2025-04-18T05:41:21.537Z] {"timestamp":"2025-04-18T05:41:21.537Z","level":"info","action":"EMAIL_SENT","recipient":"chris670@example.com","movieName":"ddsdf"}
[2025-04-18T05:41:25.729Z] {"timestamp":"2025-04-18T05:41:25.729Z","level":"info","action":"EMAIL_SENT","recipient":"emma89@test.org","movieName":"ddsdf"}
[2025-04-18T05:47:31.668Z] {"timestamp":"2025-04-18T05:47:31.668Z","level":"info","action":"WORKER_STARTED","movieName":"Race3"}
[2025-04-18T05:47:36.702Z] {"timestamp":"2025-04-18T05:47:36.702Z","level":"info","action":"EMAIL_SENT","recipient":"test@gmail.com","movieName":"Race3"}
[2025-04-18T05:47:40.368Z] {"timestamp":"2025-04-18T05:47:40.368Z","level":"info","action":"EMAIL_SENT","recipient":"testt@gmail.com","movieName":"Race3"}
[2025-04-18T05:47:44.722Z] {"timestamp":"2025-04-18T05:47:44.722Z","level":"info","action":"EMAIL_SENT","recipient":"admin@admin","movieName":"Race3"}
[2025-04-18T05:47:49.036Z] {"timestamp":"2025-04-18T05:47:49.036Z","level":"info","action":"EMAIL_SENT","recipient":"admin@admin.com","movieName":"Race3"}
[2025-04-18T05:47:53.212Z] {"timestamp":"2025-04-18T05:47:53.212Z","level":"info","action":"EMAIL_SENT","recipient":"noah236@example.com","movieName":"Race3"}
[2025-04-18T05:47:57.469Z] {"timestamp":"2025-04-18T05:47:57.469Z","level":"info","action":"EMAIL_SENT","recipient":"emma713@mail.com","movieName":"Race3"}
[2025-04-18T05:48:01.534Z] {"timestamp":"2025-04-18T05:48:01.534Z","level":"info","action":"EMAIL_SENT","recipient":"emma893@example.com","movieName":"Race3"}
[2025-04-18T05:48:05.746Z] {"timestamp":"2025-04-18T05:48:05.746Z","level":"info","action":"EMAIL_SENT","recipient":"chris292@demo.net","movieName":"Race3"}
[2025-04-18T05:48:09.974Z] {"timestamp":"2025-04-18T05:48:09.974Z","level":"info","action":"EMAIL_SENT","recipient":"tom24@example.com","movieName":"Race3"}
[2025-04-18T05:48:13.702Z] {"timestamp":"2025-04-18T05:48:13.702Z","level":"info","action":"EMAIL_SENT","recipient":"mike858@test.org","movieName":"Race3"}
[2025-04-18T06:17:51.911Z] {"level":"info","action":"WORKER_STARTED","movieName":"Zaalimaa3"}
[2025-04-18T06:17:56.395Z] {"level":"info","action":"EMAIL_SENT","recipient":"test@gmail.com","movieName":"Zaalimaa3"}
[2025-04-18T06:18:00.546Z] {"level":"info","action":"EMAIL_SENT","recipient":"testt@gmail.com","movieName":"Zaalimaa3"}
[2025-04-18T06:37:46.421Z] {"level":"info","action":"WORKER_STARTED","movieName":"Race334"}
[2025-04-18T06:37:50.577Z] {"level":"info","action":"EMAIL_SENT","recipient":"test@gmail.com","movieName":"Race334"}
[2025-04-18T06:37:54.740Z] {"level":"info","action":"EMAIL_SENT","recipient":"testt@gmail.com","movieName":"Race334"}
[2025-04-18T06:37:58.281Z] {"level":"info","action":"EMAIL_SENT","recipient":"admin@admin","movieName":"Race334"}
[2025-04-18T06:38:02.339Z] {"level":"info","action":"EMAIL_SENT","recipient":"admin@admin.com","movieName":"Race334"}
[2025-04-18T06:38:06.568Z] {"level":"info","action":"EMAIL_SENT","recipient":"noah236@example.com","movieName":"Race334"}
[2025-04-18T06:38:10.730Z] {"level":"info","action":"EMAIL_SENT","recipient":"emma713@mail.com","movieName":"Race334"}
[2025-05-09T11:51:52.880Z] {"level":"info","action":"WORKER_STARTED","movieName":"Zaalima"}
[2025-05-09T11:51:59.565Z] {"level":"info","action":"EMAIL_SENT","recipient":"emma713@mail.com","movieName":"Zaalima"}
[2025-05-09T11:52:03.753Z] {"level":"info","action":"EMAIL_SENT","recipient":"emma893@example.com","movieName":"Zaalima"}
[2025-05-09T11:52:08.083Z] {"level":"info","action":"EMAIL_SENT","recipient":"chris292@demo.net","movieName":"Zaalima"}
[2025-05-09T17:00:00.350Z] {"level":"info","action":"WORKER_STARTED","movieName":"Batman"}
[2025-05-09T17:00:06.228Z] {"level":"info","action":"EMAIL_SENT","recipient":"emma713@mail.com","movieName":"Batman"}
[2025-05-09T17:00:10.206Z] {"level":"info","action":"EMAIL_SENT","recipient":"emma893@example.com","movieName":"Batman"}
[2025-05-09T17:50:22.128Z] {"level":"info","action":"WORKER_STARTED","movieName":"Zaalima"}
[2025-05-12T14:19:53.112Z] {"level":"info","action":"WORKER_STARTED","movieName":"Batman"}
[2025-05-12T14:20:04.910Z] {"level":"info","action":"EMAIL_SENT","recipient":"noah236@example.com","movieName":"Batman"}
[2025-05-12T14:20:09.737Z] {"level":"info","action":"EMAIL_SENT","recipient":"emma713@mail.com","movieName":"Batman"}
[2025-05-12T15:14:09.494Z] {"level":"info","action":"WORKER_STARTED","movieName":"Lord of the rings"}
[2025-05-12T15:14:14.549Z] {"level":"info","action":"EMAIL_SENT","recipient":"noah236@example.com","movieName":"Lord of the rings"}
[2025-05-13T03:58:02.424Z] {"level":"info","action":"WORKER_STARTED","movieName":"Stranger Things"}
[2025-05-13T03:58:08.084Z] {"level":"info","action":"EMAIL_SENT","recipient":"noah236@example.com","movieName":"Stranger Things"}
[2025-05-13T03:58:12.353Z] {"level":"info","action":"EMAIL_SENT","recipient":"emma713@mail.com","movieName":"Stranger Things"}
[2025-05-13T03:58:16.625Z] {"level":"info","action":"EMAIL_SENT","recipient":"emma893@example.com","movieName":"Stranger Things"}
[2025-05-13T03:58:20.720Z] {"level":"info","action":"EMAIL_SENT","recipient":"chris292@demo.net","movieName":"Stranger Things"}
[2025-05-13T03:58:24.816Z] {"level":"info","action":"EMAIL_SENT","recipient":"tom24@example.com","movieName":"Stranger Things"}
[2025-05-13T03:58:28.787Z] {"level":"info","action":"EMAIL_SENT","recipient":"mike858@test.org","movieName":"Stranger Things"}
[2025-05-13T03:58:32.805Z] {"level":"info","action":"EMAIL_SENT","recipient":"chris670@example.com","movieName":"Stranger Things"}
[2025-05-13T03:58:36.695Z] {"level":"info","action":"EMAIL_SENT","recipient":"emma89@test.org","movieName":"Stranger Things"}
[2025-05-13T03:58:40.892Z] {"level":"info","action":"EMAIL_SENT","recipient":"jane185@demo.net","movieName":"Stranger Things"}
[2025-05-13T03:58:45.199Z] {"level":"info","action":"EMAIL_SENT","recipient":"sara684@demo.net","movieName":"Stranger Things"}
[2025-05-13T03:58:49.273Z] {"level":"info","action":"EMAIL_SENT","recipient":"alex712@example.com","movieName":"Stranger Things"}
[2025-05-13T03:58:53.079Z] {"level":"info","action":"EMAIL_SENT","recipient":"john878@demo.net","movieName":"Stranger Things"}
[2025-05-13T03:58:57.073Z] {"level":"info","action":"EMAIL_SENT","recipient":"mike995@example.com","movieName":"Stranger Things"}
[2025-05-13T03:59:01.476Z] {"level":"info","action":"EMAIL_SENT","recipient":"tom605@example.com","movieName":"Stranger Things"}
[2025-05-13T03:59:05.776Z] {"level":"info","action":"EMAIL_SENT","recipient":"mike424@test.org","movieName":"Stranger Things"}
[2025-05-13T03:59:09.888Z] {"level":"info","action":"EMAIL_SENT","recipient":"jane529@test.org","movieName":"Stranger Things"}
[2025-05-13T03:59:13.969Z] {"level":"info","action":"EMAIL_SENT","recipient":"mike616@demo.net","movieName":"Stranger Things"}
[2025-05-13T03:59:17.595Z] {"level":"info","action":"EMAIL_SENT","recipient":"mike631@test.org","movieName":"Stranger Things"}
[2025-05-13T03:59:21.546Z] {"level":"info","action":"EMAIL_SENT","recipient":"john34@demo.net","movieName":"Stranger Things"}
[2025-05-13T03:59:25.554Z] {"level":"info","action":"EMAIL_SENT","recipient":"alex354@test.org","movieName":"Stranger Things"}
[2025-05-13T03:59:29.803Z] {"level":"info","action":"EMAIL_SENT","recipient":"sara102@example.com","movieName":"Stranger Things"}
[2025-05-13T03:59:33.530Z] {"level":"info","action":"EMAIL_SENT","recipient":"emma631@demo.net","movieName":"Stranger Things"}
[2025-05-13T03:59:37.521Z] {"level":"info","action":"EMAIL_SENT","recipient":"noah527@demo.net","movieName":"Stranger Things"}
[2025-05-13T03:59:41.574Z] {"level":"info","action":"EMAIL_SENT","recipient":"jane309@mail.com","movieName":"Stranger Things"}
[2025-05-13T04:15:41.779Z] {"level":"info","action":"WORKER_STARTED","movieName":"Darshan"}
[2025-05-13T04:15:47.053Z] {"level":"info","action":"EMAIL_SENT","recipient":"noah236@example.com","movieName":"Darshan"}
